Using pre-set license
Built from '2020.3/staging' branch; Version is '2020.3.19f1 (68f137dc9bbe) revision 6877495'; Using compiler version '192528614'; Build Type 'Release'
OS: 'Windows 10 Home; OS build 19044.2486; Version 2009; 64bit' Language: 'pl' Physical Memory: 8103 MB
BatchMode: 1, IsHumanControllingUs: 0, StartBugReporterOnCrash: 0, Is64bit: 1, IsPro: 0

COMMAND LINE ARGUMENTS:
C:\Program Files\Unity\Hub\Editor\2020.3.19f1\Editor\Unity.exe
-adb2
-batchMode
-noUpm
-name
AssetImportWorker3
-projectPath
F:/Unityrepositories/Silniki_zadania/Silniki-zadania
-logFile
Logs/AssetImportWorker3.log
-srvPort
54640
Successfully changed project path to: F:/Unityrepositories/Silniki_zadania/Silniki-zadania
F:/Unityrepositories/Silniki_zadania/Silniki-zadania
Using Asset Import Pipeline V2.
Refreshing native plugins compatible for Editor in 80.92 ms, found 2 plugins.
Preloading 0 native plugins for Editor in 0.00 ms.
Initialize engine version: 2020.3.19f1 (68f137dc9bbe)
[Subsystems] Discovering subsystems at path C:/Program Files/Unity/Hub/Editor/2020.3.19f1/Editor/Data/Resources/UnitySubsystems
[Subsystems] Discovering subsystems at path F:/Unityrepositories/Silniki_zadania/Silniki-zadania/Assets
GfxDevice: creating device client; threaded=0
Direct3D:
    Version:  Direct3D 11.0 [level 11.0]
    Renderer: NVIDIA GeForce GTX 950M (ID=0x139a)
    Vendor:   
    VRAM:     2019 MB
    Driver:   22.21.13.8205
Initialize mono
Mono path[0] = 'C:/Program Files/Unity/Hub/Editor/2020.3.19f1/Editor/Data/Managed'
Mono path[1] = 'C:/Program Files/Unity/Hub/Editor/2020.3.19f1/Editor/Data/MonoBleedingEdge/lib/mono/unityjit'
Mono config path = 'C:/Program Files/Unity/Hub/Editor/2020.3.19f1/Editor/Data/MonoBleedingEdge/etc'
Using monoOptions --debugger-agent=transport=dt_socket,embedding=1,server=y,suspend=n,address=127.0.0.1:56360
Begin MonoManager ReloadAssembly
Registering precompiled unity dll's ...
Register platform support module: C:/Program Files/Unity/Hub/Editor/2020.3.19f1/Editor/Data/PlaybackEngines/WindowsStandaloneSupport/UnityEditor.WindowsStandalone.Extensions.dll
Registered in 0.006789 seconds.
Native extension for WindowsStandalone target not found
Refreshing native plugins compatible for Editor in 88.70 ms, found 2 plugins.
Preloading 0 native plugins for Editor in 0.00 ms.
Mono: successfully reloaded assembly
- Completed reload, in  1.923 seconds
Domain Reload Profiling:
	ReloadAssembly (1923ms)
		BeginReloadAssembly (97ms)
			ExecutionOrderSort (0ms)
			DisableScriptedObjects (0ms)
			BackupInstance (0ms)
			ReleaseScriptingObjects (0ms)
			CreateAndSetChildDomain (1ms)
		EndReloadAssembly (691ms)
			LoadAssemblies (91ms)
			RebuildTransferFunctionScriptingTraits (0ms)
			SetupTypeCache (240ms)
			ReleaseScriptCaches (0ms)
			RebuildScriptCaches (53ms)
			SetupLoadedEditorAssemblies (285ms)
				LogAssemblyErrors (0ms)
				InitializePlatformSupportModulesInManaged (6ms)
				SetLoadedEditorAssemblies (0ms)
				RefreshPlugins (89ms)
				BeforeProcessingInitializeOnLoad (19ms)
				ProcessInitializeOnLoadAttributes (122ms)
				ProcessInitializeOnLoadMethodAttributes (48ms)
				AfterProcessingInitializeOnLoad (0ms)
				EditorAssembliesLoaded (0ms)
			ExecutionOrderSort2 (0ms)
			AwakeInstancesAfterBackupRestoration (0ms)
Platform modules already initialized, skipping
Registering precompiled user dll's ...
Registered in 0.086159 seconds.
Begin MonoManager ReloadAssembly
Native extension for WindowsStandalone target not found
Refreshing native plugins compatible for Editor in 72.39 ms, found 2 plugins.
Preloading 0 native plugins for Editor in 0.00 ms.
Mono: successfully reloaded assembly
- Completed reload, in  2.287 seconds
Domain Reload Profiling:
	ReloadAssembly (2292ms)
		BeginReloadAssembly (225ms)
			ExecutionOrderSort (0ms)
			DisableScriptedObjects (6ms)
			BackupInstance (0ms)
			ReleaseScriptingObjects (0ms)
			CreateAndSetChildDomain (28ms)
		EndReloadAssembly (1959ms)
			LoadAssemblies (495ms)
			RebuildTransferFunctionScriptingTraits (0ms)
			SetupTypeCache (585ms)
			ReleaseScriptCaches (1ms)
			RebuildScriptCaches (69ms)
			SetupLoadedEditorAssemblies (611ms)
				LogAssemblyErrors (0ms)
				InitializePlatformSupportModulesInManaged (5ms)
				SetLoadedEditorAssemblies (0ms)
				RefreshPlugins (72ms)
				BeforeProcessingInitializeOnLoad (159ms)
				ProcessInitializeOnLoadAttributes (348ms)
				ProcessInitializeOnLoadMethodAttributes (8ms)
				AfterProcessingInitializeOnLoad (18ms)
				EditorAssembliesLoaded (0ms)
			ExecutionOrderSort2 (0ms)
			AwakeInstancesAfterBackupRestoration (9ms)
Platform modules already initialized, skipping
========================================================================
Worker process is ready to serve import requests
Launched and connected shader compiler UnityShaderCompiler.exe after 0.10 seconds
Refreshing native plugins compatible for Editor in 0.63 ms, found 2 plugins.
Preloading 0 native plugins for Editor in 0.00 ms.
Unloading 2705 Unused Serialized files (Serialized files now loaded: 0)
System memory in use before: 123.5 MB.
System memory in use after: 123.6 MB.

Unloading 17 unused Assets to reduce memory usage. Loaded Objects now: 3138.
Total: 5.163900 ms (FindLiveObjects: 0.348400 ms CreateObjectMapping: 0.180300 ms MarkObjects: 4.511700 ms  DeleteObjects: 0.121700 ms)

AssetImportParameters requested are different than current active one (requested -> active):
  custom:framework-win-MediaFoundation: 216162199b28c13a410421893ffa2e32 -> 
  custom:video-decoder-ogg-theora: a1e56fd34408186e4bbccfd4996cb3dc -> 
  custom:container-muxer-webm: aa71ff27fc2769a1b78a27578f13a17b -> 
  custom:container-demuxer-webm: 4f35f7cbe854078d1ac9338744f61a02 -> 
  custom:container-demuxer-ogg: 62fdf1f143b41e24485cea50d1cbac27 -> 
  custom:video-encoder-webm-vp8: eb34c28f22e8b96e1ab97ce403110664 -> 
  custom:video-codec-MediaFoundation-h265: 746d11721c4dcdbdad8f713fa42b33f4 -> 
  custom:video-decoder-webm-vp8: 9c59270c3fd7afecdb556c50c9e8de78 -> 
  custom:audio-decoder-ogg-vorbis: bf7c407c2cedff20999df2af8eb42d56 -> 
  custom:audio-encoder-webm-vorbis: bf7c407c2cedff20999df2af8eb42d56 -> 
========================================================================
Received Import Request.
  path: Assets/Readme.asset
  artifactKey: Guid(83c2ed844a8c74b779a4c823d16594b1) Importer(815301076,1909f56bfc062723c751e8b465ee728b)
Start importing Assets/Readme.asset using Guid(83c2ed844a8c74b779a4c823d16594b1) Importer(815301076,1909f56bfc062723c751e8b465ee728b)  -> (artifact id: '8ffd2c44ffeb50c574abb5d0c4453328') in 0.081974 seconds 
  Import took 0.087859 seconds .

========================================================================
Received Import Request.
  Time since last request: 3912.300053 seconds.
  path: Assets/Scenes
  artifactKey: Guid(0f79e5daf654a7e4ea09f0ea511cb746) Importer(815301076,1909f56bfc062723c751e8b465ee728b)
Start importing Assets/Scenes using Guid(0f79e5daf654a7e4ea09f0ea511cb746) Importer(815301076,1909f56bfc062723c751e8b465ee728b)  -> (artifact id: '147f20ceaa22ca543b7ab8aaecb60ad9') in 0.007537 seconds 
  Import took 0.014228 seconds .

========================================================================
Received Import Request.
  Time since last request: 34.411744 seconds.
  path: Assets/Scenes/1 - menu.unity
  artifactKey: Guid(8ba6112a9bfb21d4dae09150ba6fc394) Importer(815301076,1909f56bfc062723c751e8b465ee728b)
Start importing Assets/Scenes/1 - menu.unity using Guid(8ba6112a9bfb21d4dae09150ba6fc394) Importer(815301076,1909f56bfc062723c751e8b465ee728b)  -> (artifact id: 'f3615b1d4ea3d43bc7b8f30f4c2febde') in 0.009570 seconds 
  Import took 0.017162 seconds .

========================================================================
Received Import Request.
  Time since last request: 40.759226 seconds.
  path: Assets/Scenes/3 - roll-a-ball.unity
  artifactKey: Guid(a48593516eae2d243bd11f664d986233) Importer(815301076,1909f56bfc062723c751e8b465ee728b)
Start importing Assets/Scenes/3 - roll-a-ball.unity using Guid(a48593516eae2d243bd11f664d986233) Importer(815301076,1909f56bfc062723c751e8b465ee728b)  -> (artifact id: '9e9baa43324a8845557a3ca880050ce5') in 0.012706 seconds 
  Import took 0.022596 seconds .

========================================================================
Received Import Request.
  Time since last request: 35.274092 seconds.
  path: Assets/Scenes/4 - animacja z kodu.unity
  artifactKey: Guid(21ad6b57dec2bfd48b20e9443ea63820) Importer(815301076,1909f56bfc062723c751e8b465ee728b)
Start importing Assets/Scenes/4 - animacja z kodu.unity using Guid(21ad6b57dec2bfd48b20e9443ea63820) Importer(815301076,1909f56bfc062723c751e8b465ee728b)  -> (artifact id: '9eb2e382cab1ec0df2fbc8f0faa39316') in 0.010420 seconds 
  Import took 0.023228 seconds .

========================================================================
Received Import Request.
  Time since last request: 19.913997 seconds.
  path: Assets/Scenes/5 - VFX Graph.unity
  artifactKey: Guid(904fb26bc04e4504786953ee4b32af18) Importer(815301076,1909f56bfc062723c751e8b465ee728b)
Start importing Assets/Scenes/5 - VFX Graph.unity using Guid(904fb26bc04e4504786953ee4b32af18) Importer(815301076,1909f56bfc062723c751e8b465ee728b)  -> (artifact id: '8c5891f391326ee3a8d9e58889bccd81') in 0.009668 seconds 
  Import took 0.017930 seconds .

========================================================================
Received Import Request.
  Time since last request: 25.566999 seconds.
  path: Assets/Scenes/6 - Shader Graph.unity
  artifactKey: Guid(8443e973b070b6146ad257b69a5c5792) Importer(815301076,1909f56bfc062723c751e8b465ee728b)
Start importing Assets/Scenes/6 - Shader Graph.unity using Guid(8443e973b070b6146ad257b69a5c5792) Importer(815301076,1909f56bfc062723c751e8b465ee728b)  -> (artifact id: '8c8772ad59775c237b25b5bd58f12486') in 0.014162 seconds 
  Import took 0.020890 seconds .

========================================================================
Received Import Request.
  Time since last request: 23.685681 seconds.
  path: Assets/Scenes/7 - Leaderboard.unity
  artifactKey: Guid(b46a425077c0bbc418337a06bbc58202) Importer(815301076,1909f56bfc062723c751e8b465ee728b)
Start importing Assets/Scenes/7 - Leaderboard.unity using Guid(b46a425077c0bbc418337a06bbc58202) Importer(815301076,1909f56bfc062723c751e8b465ee728b)  -> (artifact id: '503fdc63588a4a9fbc2c4b1dba3be93d') in 0.011918 seconds 
  Import took 0.018835 seconds .

========================================================================
Received Import Request.
  Time since last request: 17.750701 seconds.
  path: Assets/Scenes/8 - cutscene.unity
  artifactKey: Guid(202c0219a63aceb47b2dcdd9d505520b) Importer(815301076,1909f56bfc062723c751e8b465ee728b)
Start importing Assets/Scenes/8 - cutscene.unity using Guid(202c0219a63aceb47b2dcdd9d505520b) Importer(815301076,1909f56bfc062723c751e8b465ee728b)  -> (artifact id: 'd1286bdc17a350e2699e27beefc6d2a6') in 0.014733 seconds 
  Import took 0.029126 seconds .

AssetImportWorkerClient::OnTransportError - code=2 error=End of file
